<?xml version="1.0" encoding="UTF-8"?>
<!-- Generated by org.testng.reporters.JUnitReportReporter -->
<testsuite hostname="INL-H3TJL13" failures="0" tests="1" name="StepDefination.Test1" time="3.517" errors="0" timestamp="07 Nov 2022 17:31:57 GMT" skipped="0">
  <testcase classname="StepDefination.Test1" name="user_opens_the_browser" time="3.517"/>
</testsuite> <!-- StepDefination.Test1 -->
