<?xml version="1.0" encoding="UTF-8"?>
<!-- Generated by org.testng.reporters.JUnitReportReporter -->
<testsuite hostname="INL-H3TJL13" failures="0" tests="1" name="StepDefination.Demotest" time="0.253" errors="0" timestamp="2024-08-11T20:48:32 IST" skipped="0">
  <testcase classname="StepDefination.Demotest" name="user_opens_the_browser" time="0.253"/>
  <system-out/>
</testsuite> <!-- StepDefination.Demotest -->
